<?xml version="1.0" encoding="UTF-8"?>
<testng-results total="1" passed="1" failed="0" skipped="0">
  <reporter-output>
  </reporter-output>
  <suite started-at="2021-08-27T13:46:52Z" name="Suite" finished-at="2021-08-27T13:46:57Z" duration-ms="4375">
    <groups>
    </groups>
    <test started-at="2021-08-27T13:46:52Z" name="Test" finished-at="2021-08-27T13:46:57Z" duration-ms="4375">
      <class name="testngpack.Testclass">
        <test-method signature="verifyhomepagetitle()[pri:0, instance:testngpack.Testclass@7ce69770]" started-at="2021-08-27T19:16:52Z" name="verifyhomepagetitle" finished-at="2021-08-27T19:16:57Z" duration-ms="4367" status="PASS">
          <reporter-output>
          </reporter-output>
        </test-method> <!-- verifyhomepagetitle -->
      </class> <!-- testngpack.Testclass -->
    </test> <!-- Test -->
  </suite> <!-- Suite -->
</testng-results>
